<?xml version="1.0" encoding="UTF-8"?>
<!-- Generated by org.testng.reporters.JUnitReportReporter -->
<testsuite skipped="0" hostname="LAPTOP-TO602G7N" name="Test.RunTest" tests="1" failures="0" timestamp="2020-08-31T20:43:45 CDT" time="7.550" errors="0">
  <testcase name="browser" time="7.550" classname="Test.RunTest"/>
  <system-out/>
</testsuite> <!-- Test.RunTest -->
