<?xml version="1.0" encoding="UTF-8"?>
<!-- Generated by org.testng.reporters.JUnitReportReporter -->
<testsuite skipped="0" hostname="LAPTOP-TO602G7N" name="Test.RunTest" tests="1" failures="0" timestamp="30 Aug 2020 03:52:10 GMT" time="7.105" errors="0">
  <testcase name="browser" time="7.105" classname="Test.RunTest"/>
</testsuite> <!-- Test.RunTest -->
